<?xml version="1.0" encoding="UTF-8"?>
<!-- Generated by org.testng.reporters.JUnitReportReporter -->
<testsuite hostname="DESKTOP-1QASA0A" failures="0" tests="2" name="com.MMT.qa.testcases.TravellerAddOnPageMMTTest" time="17.088" errors="0" timestamp="2020-05-12T19:08:29 IST" skipped="0">
  <testcase classname="com.MMT.qa.testcases.TravellerAddOnPageMMTTest" name="validatePassengerData" time="11.876"/>
  <system-out/>
  <testcase classname="com.MMT.qa.testcases.TravellerAddOnPageMMTTest" name="validateNextBtnClick" time="5.212"/>
  <system-out/>
</testsuite> <!-- com.MMT.qa.testcases.TravellerAddOnPageMMTTest -->
