<?xml version="1.0" encoding="UTF-8"?>
<!-- Generated by org.testng.reporters.JUnitReportReporter -->
<testsuite hostname="DESKTOP-1QASA0A" failures="0" tests="2" name="com.MMT.qa.testcases.FlightsHomePageMMTTest" time="38.806" errors="0" timestamp="2020-05-10T12:11:12 IST" skipped="0">
  <testcase classname="com.MMT.qa.testcases.FlightsHomePageMMTTest" name="validateCitySelection" time="8.597"/>
  <system-out/>
  <testcase classname="com.MMT.qa.testcases.FlightsHomePageMMTTest" name="validateDateSelection" time="30.209"/>
  <system-out/>
</testsuite> <!-- com.MMT.qa.testcases.FlightsHomePageMMTTest -->
