<?xml version="1.0" encoding="UTF-8"?>
<!-- Generated by org.testng.reporters.JUnitReportReporter -->
<testsuite hostname="DESKTOP-1QASA0A" failures="0" tests="1" name="com.MMT.qa.testcases.BookingPageMMTTest" time="7.494" errors="0" timestamp="2020-05-11T20:13:38 IST" skipped="0">
  <testcase classname="com.MMT.qa.testcases.BookingPageMMTTest" name="validateBookingPageContinueBtnClick" time="7.494"/>
  <system-out/>
</testsuite> <!-- com.MMT.qa.testcases.BookingPageMMTTest -->
