<?xml version="1.0" encoding="UTF-8"?>
<!-- Generated by org.testng.reporters.JUnitReportReporter -->
<testsuite hostname="DESKTOP-1QASA0A" failures="0" tests="2" name="com.MMT.qa.testcases.FlightSummaryPageMMTTest" time="13.812" errors="0" timestamp="2020-05-12T17:19:11 IST" skipped="0">
  <testcase classname="com.MMT.qa.testcases.FlightSummaryPageMMTTest" name="validatePassengerData" time="12.901"/>
  <system-out/>
  <testcase classname="com.MMT.qa.testcases.FlightSummaryPageMMTTest" name="validateContinueBtnClick" time="0.911"/>
  <system-out/>
</testsuite> <!-- com.MMT.qa.testcases.FlightSummaryPageMMTTest -->
