<?xml version="1.0" encoding="UTF-8"?>
<!-- Generated by org.testng.reporters.JUnitReportReporter -->
<testsuite hostname="DESKTOP-1QASA0A" failures="0" tests="2" name="com.MMT.qa.testcases.TravellerAddOnPageMMTTest" time="14.352" errors="0" timestamp="2020-05-30T17:39:23 IST" skipped="0">
  <testcase classname="com.MMT.qa.testcases.TravellerAddOnPageMMTTest" name="validatePassengerData" time="8.766"/>
  <system-out/>
  <testcase classname="com.MMT.qa.testcases.TravellerAddOnPageMMTTest" name="validateNextBtnClick" time="5.586"/>
  <system-out/>
</testsuite> <!-- com.MMT.qa.testcases.TravellerAddOnPageMMTTest -->
