<?xml version="1.0" encoding="UTF-8"?>
<!-- Generated by org.testng.reporters.JUnitReportReporter -->
<testsuite hostname="DESKTOP-1QASA0A" failures="0" tests="1" name="com.MMT.qa.testcases.BookingPageMMTTest" time="0.000" errors="0" timestamp="2020-05-30T15:52:09 IST" skipped="1">
  <testcase classname="com.MMT.qa.testcases.BookingPageMMTTest" name="validateBookingPageContinueBtnClick" time="0.000">
    <skipped/>
  </testcase> <!-- validateBookingPageContinueBtnClick -->
  <system-out/>
</testsuite> <!-- com.MMT.qa.testcases.BookingPageMMTTest -->
