<?xml version="1.0" encoding="UTF-8"?>
<!-- Generated by org.testng.reporters.JUnitReportReporter -->
<testsuite hostname="DESKTOP-1QASA0A" failures="0" tests="2" name="com.MMT.qa.testcases.FlightsHomePageMMTTest" time="0.000" errors="0" timestamp="2020-05-30T15:52:09 IST" skipped="2">
  <testcase classname="com.MMT.qa.testcases.FlightsHomePageMMTTest" name="validateCitySelection" time="0.000">
    <skipped/>
  </testcase> <!-- validateCitySelection -->
  <system-out/>
  <testcase classname="com.MMT.qa.testcases.FlightsHomePageMMTTest" name="validateDateSelection" time="0.000">
    <skipped/>
  </testcase> <!-- validateDateSelection -->
  <system-out/>
</testsuite> <!-- com.MMT.qa.testcases.FlightsHomePageMMTTest -->
