<?xml version="1.0" encoding="UTF-8"?>
<!-- Generated by org.testng.reporters.JUnitReportReporter -->
<testsuite hostname="DESKTOP-1QASA0A" failures="0" tests="2" name="com.MMT.qa.testcases.TravellerAddOnPageMMTTest" time="0.000" errors="0" timestamp="2020-05-30T15:52:09 IST" skipped="2">
  <testcase classname="com.MMT.qa.testcases.TravellerAddOnPageMMTTest" name="validatePassengerData" time="0.000">
    <skipped/>
  </testcase> <!-- validatePassengerData -->
  <system-out/>
  <testcase classname="com.MMT.qa.testcases.TravellerAddOnPageMMTTest" name="validateNextBtnClick" time="0.000">
    <skipped/>
  </testcase> <!-- validateNextBtnClick -->
  <system-out/>
</testsuite> <!-- com.MMT.qa.testcases.TravellerAddOnPageMMTTest -->
